<?xml version="1.0" encoding="UTF-8"?>
<testsuite xmlns:xsi="http://www.w3.org/2001/XMLSchema-instance" xsi:noNamespaceSchemaLocation="https://maven.apache.org/surefire/maven-surefire-plugin/xsd/surefire-test-report.xsd" name="RunnerTest" time="0.629" tests="10" errors="0" skipped="8" failures="0">
  <properties>
[...]
</properties>
  <testcase name="Given I open google search" classname="Scenario: Search web" time="0">
    <skipped/>
  </testcase>
  <testcase name="When I enter keyword as following" classname="Scenario: Search web" time="0">
    <skipped/>
  </testcase>
  <testcase name="Then I see web results" classname="Scenario: Search web" time="0">
    <skipped/>
  </testcase>
  <testcase name="Scenario: Search web" classname="Scenario: Search web" time="0">
    <skipped/>
  </testcase>
  <testcase name="Scenario: Search web" classname="Scenario: Search web" time="0.006"/>
  <testcase name="Given I open google search" classname="Scenario: Search image" time="0">
    <skipped/>
  </testcase>
  <testcase name="When I enter image name as following" classname="Scenario: Search image" time="0">
    <skipped/>
  </testcase>
  <testcase name="Then I see image results" classname="Scenario: Search image" time="0">
    <skipped/>
  </testcase>
  <testcase name="Scenario: Search image" classname="Scenario: Search image" time="0">
    <skipped/>
  </testcase>
  <testcase name="Scenario: Search image" classname="Scenario: Search image" time="0"/>
</testsuite>